Build started 9/20/2012 8:56:08 PM.
     1>Project "E:\COLLEGE\Programing 1\Homework Programs\EscobarAsst05\week 5 project 2\week 5 project 2.vcxproj" on node 2 (build target(s)).
     1>InitializeBuildStatus:
         Touching "Debug\week 5 project 2.unsuccessfulbuild".
       ClCompile:
         c:\Program Files\Microsoft Visual Studio 10.0\VC\bin\CL.exe /c /ZI /nologo /W3 /WX- /Od /Oy- /D WIN32 /D _DEBUG /D _CONSOLE /D _UNICODE /D UNICODE /Gm /EHsc /RTC1 /MDd /GS /fp:precise /Zc:wchar_t /Zc:forScope /Fo"Debug\\" /Fd"Debug\vc100.pdb" /Gd /TP /analyze- /errorReport:prompt practice.cpp
         practice.cpp
     1>e:\college\programing 1\homework programs\escobarasst05\week 5 project 2\practice.cpp(30): warning C4800: 'double' : forcing value to bool 'true' or 'false' (performance warning)
     1>e:\college\programing 1\homework programs\escobarasst05\week 5 project 2\practice.cpp(54): warning C4805: '==' : unsafe mix of type 'double' and type 'bool' in operation
     1>e:\college\programing 1\homework programs\escobarasst05\week 5 project 2\practice.cpp(46): warning C4101: 'dFactors' : unreferenced local variable
     1>e:\college\programing 1\homework programs\escobarasst05\week 5 project 2\practice.cpp(46): warning C4101: 'dRemainder' : unreferenced local variable
       ManifestResourceCompile:
         All outputs are up-to-date.
       Link:
         c:\Program Files\Microsoft Visual Studio 10.0\VC\bin\link.exe /ERRORREPORT:PROMPT /OUT:"E:\COLLEGE\Programing 1\Homework Programs\EscobarAsst05\week5\Debug\week 5 project 2.exe" /INCREMENTAL /NOLOGO kernel32.lib user32.lib gdi32.lib winspool.lib comdlg32.lib advapi32.lib shell32.lib ole32.lib oleaut32.lib uuid.lib odbc32.lib odbccp32.lib /MANIFEST /ManifestFile:"Debug\week 5 project 2.exe.intermediate.manifest" /MANIFESTUAC:"level='asInvoker' uiAccess='false'" /DEBUG /PDB:"E:\COLLEGE\Programing 1\Homework Programs\EscobarAsst05\week5\Debug\week 5 project 2.pdb" /SUBSYSTEM:CONSOLE /TLBID:1 /DYNAMICBASE /NXCOMPAT /IMPLIB:"E:\COLLEGE\Programing 1\Homework Programs\EscobarAsst05\week5\Debug\week 5 project 2.lib" /MACHINE:X86 "Debug\week 5 project 2.exe.embed.manifest.res"
         Debug\practice.obj
       Manifest:
         C:\Program Files\Microsoft SDKs\Windows\v7.0A\bin\mt.exe /nologo /verbose /out:"Debug\week 5 project 2.exe.embed.manifest" /manifest "Debug\week 5 project 2.exe.intermediate.manifest"
         All outputs are up-to-date.
       LinkEmbedManifest:
         All outputs are up-to-date.
         week 5 project 2.vcxproj -> E:\COLLEGE\Programing 1\Homework Programs\EscobarAsst05\week5\Debug\week 5 project 2.exe
       FinalizeBuildStatus:
         Deleting file "Debug\week 5 project 2.unsuccessfulbuild".
         Touching "Debug\week 5 project 2.lastbuildstate".
     1>Done Building Project "E:\COLLEGE\Programing 1\Homework Programs\EscobarAsst05\week 5 project 2\week 5 project 2.vcxproj" (build target(s)).

Build succeeded.

Time Elapsed 00:00:26.42
