Build started 9/13/2012 9:08:59 PM.
     1>Project "E:\COLLEGE\Programing 1\Homework Programs\EscobarAsst04\week4\week4.vcxproj" on node 2 (build target(s)).
     1>InitializeBuildStatus:
         Creating "Debug\week4.unsuccessfulbuild" because "AlwaysCreate" was specified.
       ClCompile:
         c:\Program Files\Microsoft Visual Studio 10.0\VC\bin\CL.exe /c /ZI /nologo /W3 /WX- /Od /Oy- /D WIN32 /D _DEBUG /D _CONSOLE /D _UNICODE /D UNICODE /Gm /EHsc /RTC1 /MDd /GS /fp:precise /Zc:wchar_t /Zc:forScope /Fo"Debug\\" /Fd"Debug\vc100.pdb" /Gd /TP /analyze- /errorReport:prompt EscobarAsst04.cpp
         EscobarAsst04.cpp
     1>e:\college\programing 1\homework programs\escobarasst04\week4\escobarasst04.cpp(36): warning C4244: '=' : conversion from 'double' to 'int', possible loss of data
     1>e:\college\programing 1\homework programs\escobarasst04\week4\escobarasst04.cpp(39): warning C4244: '=' : conversion from 'double' to 'int', possible loss of data
       ManifestResourceCompile:
         All outputs are up-to-date.
       Link:
         c:\Program Files\Microsoft Visual Studio 10.0\VC\bin\link.exe /ERRORREPORT:PROMPT /OUT:"E:\COLLEGE\Programing 1\Homework Programs\EscobarAsst04\week4\Debug\week4.exe" /INCREMENTAL /NOLOGO kernel32.lib user32.lib gdi32.lib winspool.lib comdlg32.lib advapi32.lib shell32.lib ole32.lib oleaut32.lib uuid.lib odbc32.lib odbccp32.lib /MANIFEST /ManifestFile:"Debug\week4.exe.intermediate.manifest" /MANIFESTUAC:"level='asInvoker' uiAccess='false'" /DEBUG /PDB:"E:\COLLEGE\Programing 1\Homework Programs\EscobarAsst04\week4\Debug\week4.pdb" /SUBSYSTEM:CONSOLE /TLBID:1 /DYNAMICBASE /NXCOMPAT /IMPLIB:"E:\COLLEGE\Programing 1\Homework Programs\EscobarAsst04\week4\Debug\week4.lib" /MACHINE:X86 Debug\week4.exe.embed.manifest.res
         Debug\EscobarAsst04.obj
       Manifest:
         C:\Program Files\Microsoft SDKs\Windows\v7.0A\bin\mt.exe /nologo /verbose /out:"Debug\week4.exe.embed.manifest" /manifest Debug\week4.exe.intermediate.manifest
         All outputs are up-to-date.
       LinkEmbedManifest:
         All outputs are up-to-date.
         week4.vcxproj -> E:\COLLEGE\Programing 1\Homework Programs\EscobarAsst04\week4\Debug\week4.exe
       FinalizeBuildStatus:
         Deleting file "Debug\week4.unsuccessfulbuild".
         Touching "Debug\week4.lastbuildstate".
     1>Done Building Project "E:\COLLEGE\Programing 1\Homework Programs\EscobarAsst04\week4\week4.vcxproj" (build target(s)).

Build succeeded.

Time Elapsed 00:00:07.65
