Build started 10/7/2012 12:41:32 AM.
     1>Project "C:\Users\Nefos\Google Drive\COLLEGE\Fall 2012\Programing 1\Homework Programs\EscobarAsst04\EscobarAsst07\EscobarAsst07.vcxproj" on node 2 (build target(s)).
     1>InitializeBuildStatus:
         Creating "Debug\EscobarAsst07.unsuccessfulbuild" because "AlwaysCreate" was specified.
       ClCompile:
         F:\Program Files (x86)\Microsoft Visual Studio 10.0\VC\bin\CL.exe /c /ZI /nologo /W3 /WX- /Od /Oy- /D WIN32 /D _DEBUG /D _CONSOLE /D _UNICODE /D UNICODE /Gm /EHsc /RTC1 /MDd /GS /fp:precise /Zc:wchar_t /Zc:forScope /Fo"Debug\\" /Fd"Debug\vc100.pdb" /Gd /TP /analyze- /errorReport:prompt botomFunction.cpp
         botomFunction.cpp
       ManifestResourceCompile:
         All outputs are up-to-date.
       Link:
         F:\Program Files (x86)\Microsoft Visual Studio 10.0\VC\bin\link.exe /ERRORREPORT:PROMPT /OUT:"C:\Users\Nefos\Google Drive\COLLEGE\Fall 2012\Programing 1\Homework Programs\EscobarAsst04\EscobarAsst07\Debug\EscobarAsst07.exe" /INCREMENTAL /NOLOGO kernel32.lib user32.lib gdi32.lib winspool.lib comdlg32.lib advapi32.lib shell32.lib ole32.lib oleaut32.lib uuid.lib odbc32.lib odbccp32.lib /MANIFEST /ManifestFile:"Debug\EscobarAsst07.exe.intermediate.manifest" /MANIFESTUAC:"level='asInvoker' uiAccess='false'" /DEBUG /PDB:"C:\Users\Nefos\Google Drive\COLLEGE\Fall 2012\Programing 1\Homework Programs\EscobarAsst04\EscobarAsst07\Debug\EscobarAsst07.pdb" /SUBSYSTEM:CONSOLE /TLBID:1 /DYNAMICBASE /NXCOMPAT /IMPLIB:"C:\Users\Nefos\Google Drive\COLLEGE\Fall 2012\Programing 1\Homework Programs\EscobarAsst04\EscobarAsst07\Debug\EscobarAsst07.lib" /MACHINE:X86 Debug\EscobarAsst07.exe.embed.manifest.res
         Debug\botomFunction.obj
         Debug\EscobarAsst07.obj
         Debug\topFunction.obj
       Manifest:
         C:\Program Files (x86)\Microsoft SDKs\Windows\v7.0A\bin\mt.exe /nologo /verbose /out:"Debug\EscobarAsst07.exe.embed.manifest" /manifest Debug\EscobarAsst07.exe.intermediate.manifest
         All outputs are up-to-date.
       LinkEmbedManifest:
         All outputs are up-to-date.
         EscobarAsst07.vcxproj -> C:\Users\Nefos\Google Drive\COLLEGE\Fall 2012\Programing 1\Homework Programs\EscobarAsst04\EscobarAsst07\Debug\EscobarAsst07.exe
       FinalizeBuildStatus:
         Deleting file "Debug\EscobarAsst07.unsuccessfulbuild".
         Touching "Debug\EscobarAsst07.lastbuildstate".
     1>Done Building Project "C:\Users\Nefos\Google Drive\COLLEGE\Fall 2012\Programing 1\Homework Programs\EscobarAsst04\EscobarAsst07\EscobarAsst07.vcxproj" (build target(s)).

Build succeeded.

Time Elapsed 00:00:03.92
