Build started 9/9/2012 11:00:22 AM.
     1>Project "C:\Users\WIN7\Google Drive\COLLEGE\Fall 2012\Programing 1\Homework Programs\EscobarAsst03\EscobarAsst03\EscobarAsst03.vcxproj" on node 2 (build target(s)).
     1>InitializeBuildStatus:
         Creating "Debug\EscobarAsst03.unsuccessfulbuild" because "AlwaysCreate" was specified.
       ClCompile:
         c:\Program Files\Microsoft Visual Studio 10.0\VC\bin\CL.exe /c /ZI /nologo /W3 /WX- /Od /Oy- /D WIN32 /D _DEBUG /D _CONSOLE /D _UNICODE /D UNICODE /Gm /EHsc /RTC1 /MDd /GS /fp:precise /Zc:wchar_t /Zc:forScope /Fo"Debug\\" /Fd"Debug\vc100.pdb" /Gd /TP /analyze- /errorReport:prompt EscobarAsst03.cpp
         EscobarAsst03.cpp
       ManifestResourceCompile:
         All outputs are up-to-date.
       Link:
         c:\Program Files\Microsoft Visual Studio 10.0\VC\bin\link.exe /ERRORREPORT:PROMPT /OUT:"C:\Users\WIN7\Google Drive\COLLEGE\Fall 2012\Programing 1\Homework Programs\Debug\EscobarAsst03.exe" /INCREMENTAL /NOLOGO kernel32.lib user32.lib gdi32.lib winspool.lib comdlg32.lib advapi32.lib shell32.lib ole32.lib oleaut32.lib uuid.lib odbc32.lib odbccp32.lib /MANIFEST /ManifestFile:"Debug\EscobarAsst03.exe.intermediate.manifest" /MANIFESTUAC:"level='asInvoker' uiAccess='false'" /DEBUG /PDB:"C:\Users\WIN7\Google Drive\COLLEGE\Fall 2012\Programing 1\Homework Programs\Debug\EscobarAsst03.pdb" /SUBSYSTEM:CONSOLE /TLBID:1 /DYNAMICBASE /NXCOMPAT /IMPLIB:"C:\Users\WIN7\Google Drive\COLLEGE\Fall 2012\Programing 1\Homework Programs\Debug\EscobarAsst03.lib" /MACHINE:X86 Debug\EscobarAsst03.exe.embed.manifest.res
         Debug\EscobarAsst03.obj
       Manifest:
         C:\Program Files\Microsoft SDKs\Windows\v7.0A\bin\mt.exe /nologo /verbose /out:"Debug\EscobarAsst03.exe.embed.manifest" /manifest Debug\EscobarAsst03.exe.intermediate.manifest
         All outputs are up-to-date.
       LinkEmbedManifest:
         All outputs are up-to-date.
         EscobarAsst03.vcxproj -> C:\Users\WIN7\Google Drive\COLLEGE\Fall 2012\Programing 1\Homework Programs\Debug\EscobarAsst03.exe
       FinalizeBuildStatus:
         Deleting file "Debug\EscobarAsst03.unsuccessfulbuild".
         Touching "Debug\EscobarAsst03.lastbuildstate".
     1>Done Building Project "C:\Users\WIN7\Google Drive\COLLEGE\Fall 2012\Programing 1\Homework Programs\EscobarAsst03\EscobarAsst03\EscobarAsst03.vcxproj" (build target(s)).

Build succeeded.

Time Elapsed 00:00:07.80
