C:\USERS\LIB11\DESKTOP\WEEK 6\DEBUG\WEEK 6.EXE
C:\USERS\LIB11\DESKTOP\WEEK 6\DEBUG\WEEK 6.ILK
C:\USERS\LIB11\DESKTOP\WEEK 6\DEBUG\WEEK 6.PDB
C:\USERS\LIB11\DESKTOP\WEEK 6\WEEK 6\DEBUG\CALLME.OBJ
C:\USERS\LIB11\DESKTOP\WEEK 6\WEEK 6\DEBUG\CALLME2.OBJ
C:\USERS\LIB11\DESKTOP\WEEK 6\WEEK 6\DEBUG\CALLS3.OBJ
C:\Users\lib11\Desktop\week 6\week 6\Debug\cl.command.1.tlog
C:\Users\lib11\Desktop\week 6\week 6\Debug\CL.read.1.tlog
C:\Users\lib11\Desktop\week 6\week 6\Debug\CL.write.1.tlog
C:\Users\lib11\Desktop\week 6\week 6\Debug\link.3900.read.1.tlog
C:\Users\lib11\Desktop\week 6\week 6\Debug\link.3900.write.1.tlog
C:\Users\lib11\Desktop\week 6\week 6\Debug\link.3900-cvtres.read.1.tlog
C:\Users\lib11\Desktop\week 6\week 6\Debug\link.3900-cvtres.write.1.tlog
C:\Users\lib11\Desktop\week 6\week 6\Debug\link.6032.read.1.tlog
C:\Users\lib11\Desktop\week 6\week 6\Debug\link.6032.write.1.tlog
C:\Users\lib11\Desktop\week 6\week 6\Debug\link.6032-cvtres.read.1.tlog
C:\Users\lib11\Desktop\week 6\week 6\Debug\link.6032-cvtres.write.1.tlog
C:\Users\lib11\Desktop\week 6\week 6\Debug\link.command.1.tlog
C:\Users\lib11\Desktop\week 6\week 6\Debug\link.read.1.tlog
C:\Users\lib11\Desktop\week 6\week 6\Debug\link.write.1.tlog
C:\Users\lib11\Desktop\week 6\week 6\Debug\link-cvtres.read.1.tlog
C:\Users\lib11\Desktop\week 6\week 6\Debug\link-cvtres.write.1.tlog
C:\Users\lib11\Desktop\week 6\week 6\Debug\mt.command.1.tlog
C:\Users\lib11\Desktop\week 6\week 6\Debug\mt.read.1.tlog
C:\Users\lib11\Desktop\week 6\week 6\Debug\mt.write.1.tlog
C:\Users\lib11\Desktop\week 6\week 6\Debug\rc.command.1.tlog
C:\Users\lib11\Desktop\week 6\week 6\Debug\rc.read.1.tlog
C:\Users\lib11\Desktop\week 6\week 6\Debug\rc.write.1.tlog
C:\Users\lib11\Desktop\week 6\week 6\Debug\vc100.idb
C:\USERS\LIB11\DESKTOP\WEEK 6\WEEK 6\DEBUG\VC100.PDB
C:\USERS\LIB11\DESKTOP\WEEK 6\WEEK 6\DEBUG\WEEK 6.EXE.EMBED.MANIFEST
C:\USERS\LIB11\DESKTOP\WEEK 6\WEEK 6\DEBUG\WEEK 6.EXE.EMBED.MANIFEST.RES
C:\USERS\LIB11\DESKTOP\WEEK 6\WEEK 6\DEBUG\WEEK 6.EXE.INTERMEDIATE.MANIFEST
C:\USERS\LIB11\DESKTOP\WEEK 6\WEEK 6\DEBUG\WEEK 6.OBJ
C:\Users\lib11\Desktop\week 6\week 6\Debug\week 6_manifest.rc
