Build started 10/6/2012 6:01:32 PM.
     1>Project "M:\Desktop\Table Of\week 6\week 6.vcxproj" on node 2 (build target(s)).
     1>InitializeBuildStatus:
         Creating "Debug\week 6-2.unsuccessfulbuild" because "AlwaysCreate" was specified.
       ClCompile:
         F:\Program Files (x86)\Microsoft Visual Studio 10.0\VC\bin\CL.exe /c /ZI /nologo /W3 /WX- /Od /Oy- /D WIN32 /D _DEBUG /D _CONSOLE /D _UNICODE /D UNICODE /Gm /EHsc /RTC1 /MDd /GS /fp:precise /Zc:wchar_t /Zc:forScope /Fo"Debug\\" /Fd"Debug\vc100.pdb" /Gd /TP /analyze- /errorReport:prompt EscobarAsst06.cpp
         EscobarAsst06.cpp
     1>m:\desktop\table of\week 6\escobarasst06.cpp(39): warning C4101: 'iLineLength' : unreferenced local variable
       ManifestResourceCompile:
         All outputs are up-to-date.
       Link:
         F:\Program Files (x86)\Microsoft Visual Studio 10.0\VC\bin\link.exe /ERRORREPORT:PROMPT /OUT:"M:\Desktop\Table Of\Debug\week 6-2.exe" /INCREMENTAL /NOLOGO kernel32.lib user32.lib gdi32.lib winspool.lib comdlg32.lib advapi32.lib shell32.lib ole32.lib oleaut32.lib uuid.lib odbc32.lib odbccp32.lib /MANIFEST /ManifestFile:"Debug\week 6-2.exe.intermediate.manifest" /MANIFESTUAC:"level='asInvoker' uiAccess='false'" /DEBUG /PDB:"M:\Desktop\Table Of\Debug\week 6-2.pdb" /SUBSYSTEM:CONSOLE /TLBID:1 /DYNAMICBASE /NXCOMPAT /IMPLIB:"M:\Desktop\Table Of\Debug\week 6-2.lib" /MACHINE:X86 "Debug\week 6-2.exe.embed.manifest.res"
         Debug\chapterNumTitle.obj
         Debug\Dots.obj
         "Debug\Line Length.obj"
         Debug\sectionNumTitle.obj
         Debug\Helper.obj
         Debug\EscobarAsst06.obj
       Manifest:
         C:\Program Files (x86)\Microsoft SDKs\Windows\v7.0A\bin\mt.exe /nologo /verbose /out:"Debug\week 6-2.exe.embed.manifest" /manifest "Debug\week 6-2.exe.intermediate.manifest"
         All outputs are up-to-date.
       LinkEmbedManifest:
         All outputs are up-to-date.
         week 6.vcxproj -> M:\Desktop\Table Of\Debug\week 6-2.exe
       FinalizeBuildStatus:
         Deleting file "Debug\week 6-2.unsuccessfulbuild".
         Touching "Debug\week 6-2.lastbuildstate".
     1>Done Building Project "M:\Desktop\Table Of\week 6\week 6.vcxproj" (build target(s)).

Build succeeded.

Time Elapsed 00:00:02.54
